<?xml version="1.0" encoding="UTF-8"?>
<testsuite name="com.sofkau.runners.PostUserTest" tests="0" skipped="0" failures="0" errors="0" timestamp="1970-01-01T00:00:00" hostname="LAPTOP-7C2GORMF" time="0.0">
  <properties/>
  <system-out><![CDATA[
?[31mFailed scenarios:?[0m
?[31mfile:///C:/Users/rolin/Sofka%20U/RetoFinalAutomatizaciones/AutomatizacionServicios/src/test/resources/features/postuser.feature:12?[0m# Peticion exitosa
?[31mfile:///C:/Users/rolin/Sofka%20U/RetoFinalAutomatizaciones/AutomatizacionServicios/src/test/resources/features/postuser.feature:13?[0m# Peticion exitosa
?[31mfile:///C:/Users/rolin/Sofka%20U/RetoFinalAutomatizaciones/AutomatizacionServicios/src/test/resources/features/postuser.feature:14?[0m# Peticion exitosa
?[31mfile:///C:/Users/rolin/Sofka%20U/RetoFinalAutomatizaciones/AutomatizacionServicios/src/test/resources/features/postuser.feature:26?[0m# Peticion fallida

12 Scenarios (?[31m4 failed?[0m, ?[32m8 passed?[0m)
36 Steps (?[31m4 failed?[0m, ?[32m32 passed?[0m)
0m7,345s


java.lang.AssertionError: 1 expectation failed.
Expected status code <201> but was <500>.

	at net.serenitybdd.screenplay.ErrorTally.throwSummaryExceptionFrom(ErrorTally.java:36)
	at net.serenitybdd.screenplay.ErrorTally.reportAnyErrors(ErrorTally.java:30)
	at net.serenitybdd.screenplay.Actor.should(Actor.java:316)
	at com.sofkau.stepdefinitions.PostUserStepDefinition.recibo_y_la_informacion_del_usuario_creado(PostUserStepDefinition.java:56)
	at ?.recibo 201 y la informacion del usuario creado(file:///C:/Users/rolin/Sofka%20U/RetoFinalAutomatizaciones/AutomatizacionServicios/src/test/resources/features/postuser.feature:9)

java.lang.AssertionError: 1 expectation failed.
JSON path fullName doesn't match.
Expected: juan
  Actual: null

	at net.serenitybdd.screenplay.ErrorTally.throwSummaryExceptionFrom(ErrorTally.java:36)
	at net.serenitybdd.screenplay.ErrorTally.reportAnyErrors(ErrorTally.java:30)
	at net.serenitybdd.screenplay.Actor.should(Actor.java:316)
	at com.sofkau.stepdefinitions.PostUserStepDefinition.recibo_y_la_informacion_del_usuario_creado(PostUserStepDefinition.java:56)
	at ?.recibo 500 y la informacion del usuario creado(file:///C:/Users/rolin/Sofka%20U/RetoFinalAutomatizaciones/AutomatizacionServicios/src/test/resources/features/postuser.feature:9)

java.lang.AssertionError: 1 expectation failed.
Expected status code <201> but was <500>.

	at net.serenitybdd.screenplay.ErrorTally.throwSummaryExceptionFrom(ErrorTally.java:36)
	at net.serenitybdd.screenplay.ErrorTally.reportAnyErrors(ErrorTally.java:30)
	at net.serenitybdd.screenplay.Actor.should(Actor.java:316)
	at com.sofkau.stepdefinitions.PostUserStepDefinition.recibo_y_la_informacion_del_usuario_creado(PostUserStepDefinition.java:56)
	at ?.recibo 201 y la informacion del usuario creado(file:///C:/Users/rolin/Sofka%20U/RetoFinalAutomatizaciones/AutomatizacionServicios/src/test/resources/features/postuser.feature:9)

java.lang.AssertionError: 1 expectation failed.
Expected status code <400> but was <500>.

	at net.serenitybdd.screenplay.ErrorTally.throwSummaryExceptionFrom(ErrorTally.java:36)
	at net.serenitybdd.screenplay.ErrorTally.reportAnyErrors(ErrorTally.java:30)
	at net.serenitybdd.screenplay.Actor.should(Actor.java:316)
	at com.sofkau.stepdefinitions.PostUserStepDefinition.recibo(PostUserStepDefinition.java:112)
	at ?.recibo 400(file:///C:/Users/rolin/Sofka%20U/RetoFinalAutomatizaciones/AutomatizacionServicios/src/test/resources/features/postuser.feature:20)


]]></system-out>
  <system-err><![CDATA[]]></system-err>
</testsuite>
