<?xml version="1.0" encoding="UTF-8"?>
<testsuite name="com.sofkau.runners.CrearPreguntaTest" tests="0" skipped="0" failures="0" errors="0" timestamp="1970-01-01T00:00:00" hostname="LAPTOP-7C2GORMF" time="0.0">
  <properties/>
  <system-out><![CDATA[
?[31mFailed scenarios:?[0m
?[31mfile:///C:/Users/rolin/Sofka%20U/RetoFinalAutomatizaciones/AutomatizacionServicios/src/test/resources/features/crearpregunta.feature:21?[0m# Crear una pregunta
?[31mfile:///C:/Users/rolin/Sofka%20U/RetoFinalAutomatizaciones/AutomatizacionServicios/src/test/resources/features/crearpregunta.feature:22?[0m# Crear una pregunta
?[31mfile:///C:/Users/rolin/Sofka%20U/RetoFinalAutomatizaciones/AutomatizacionServicios/src/test/resources/features/crearpregunta.feature:23?[0m# Crear una pregunta
?[31mfile:///C:/Users/rolin/Sofka%20U/RetoFinalAutomatizaciones/AutomatizacionServicios/src/test/resources/features/crearpregunta.feature:24?[0m# Crear una pregunta
?[31mfile:///C:/Users/rolin/Sofka%20U/RetoFinalAutomatizaciones/AutomatizacionServicios/src/test/resources/features/crearpregunta.feature:25?[0m# Crear una pregunta
?[31mfile:///C:/Users/rolin/Sofka%20U/RetoFinalAutomatizaciones/AutomatizacionServicios/src/test/resources/features/crearpregunta.feature:26?[0m# Crear una pregunta
?[31mfile:///C:/Users/rolin/Sofka%20U/RetoFinalAutomatizaciones/AutomatizacionServicios/src/test/resources/features/crearpregunta.feature:27?[0m# Crear una pregunta
?[31mfile:///C:/Users/rolin/Sofka%20U/RetoFinalAutomatizaciones/AutomatizacionServicios/src/test/resources/features/crearpregunta.feature:28?[0m# Crear una pregunta
?[31mfile:///C:/Users/rolin/Sofka%20U/RetoFinalAutomatizaciones/AutomatizacionServicios/src/test/resources/features/crearpregunta.feature:29?[0m# Crear una pregunta
?[31mfile:///C:/Users/rolin/Sofka%20U/RetoFinalAutomatizaciones/AutomatizacionServicios/src/test/resources/features/crearpregunta.feature:30?[0m# Crear una pregunta
?[31mfile:///C:/Users/rolin/Sofka%20U/RetoFinalAutomatizaciones/AutomatizacionServicios/src/test/resources/features/crearpregunta.feature:34?[0m# Crear una pregunta

21 Scenarios (?[31m11 failed?[0m, ?[32m10 passed?[0m)
84 Steps (?[31m11 failed?[0m, ?[36m1 skipped?[0m, ?[32m72 passed?[0m)
0m22,426s


java.lang.AssertionError: 
Expected: a value greater than <1>
     but: <1> was equal to <1>
	at net.serenitybdd.screenplay.ErrorTally.throwSummaryExceptionFrom(ErrorTally.java:36)
	at net.serenitybdd.screenplay.ErrorTally.reportAnyErrors(ErrorTally.java:30)
	at net.serenitybdd.screenplay.Actor.should(Actor.java:316)
	at com.sofkau.stepdefinitions.CrearPreguntaStepDefinition.laInformacionDeLaPreguntaCreada(CrearPreguntaStepDefinition.java:93)
	at ?.la informacion de la pregunta creada(file:///C:/Users/rolin/Sofka%20U/RetoFinalAutomatizaciones/AutomatizacionServicios/src/test/resources/features/crearpregunta.feature:11)

java.lang.AssertionError: 
Expected: <1>
     but: was <3>
	at net.serenitybdd.screenplay.ErrorTally.throwSummaryExceptionFrom(ErrorTally.java:36)
	at net.serenitybdd.screenplay.ErrorTally.reportAnyErrors(ErrorTally.java:30)
	at net.serenitybdd.screenplay.Actor.should(Actor.java:316)
	at com.sofkau.stepdefinitions.CrearPreguntaStepDefinition.laInformacionDeLaPreguntaCreada(CrearPreguntaStepDefinition.java:125)
	at ?.la informacion de la pregunta creada(file:///C:/Users/rolin/Sofka%20U/RetoFinalAutomatizaciones/AutomatizacionServicios/src/test/resources/features/crearpregunta.feature:11)

java.lang.AssertionError: 
Expected: <2>
     but: was <4>
	at net.serenitybdd.screenplay.ErrorTally.throwSummaryExceptionFrom(ErrorTally.java:36)
	at net.serenitybdd.screenplay.ErrorTally.reportAnyErrors(ErrorTally.java:30)
	at net.serenitybdd.screenplay.Actor.should(Actor.java:316)
	at com.sofkau.stepdefinitions.CrearPreguntaStepDefinition.laInformacionDeLaPreguntaCreada(CrearPreguntaStepDefinition.java:110)
	at ?.la informacion de la pregunta creada(file:///C:/Users/rolin/Sofka%20U/RetoFinalAutomatizaciones/AutomatizacionServicios/src/test/resources/features/crearpregunta.feature:11)

java.lang.AssertionError: 
Expected: <4>
     but: was <2>
	at net.serenitybdd.screenplay.ErrorTally.throwSummaryExceptionFrom(ErrorTally.java:36)
	at net.serenitybdd.screenplay.ErrorTally.reportAnyErrors(ErrorTally.java:30)
	at net.serenitybdd.screenplay.Actor.should(Actor.java:316)
	at com.sofkau.stepdefinitions.CrearPreguntaStepDefinition.laInformacionDeLaPreguntaCreada(CrearPreguntaStepDefinition.java:93)
	at ?.la informacion de la pregunta creada(file:///C:/Users/rolin/Sofka%20U/RetoFinalAutomatizaciones/AutomatizacionServicios/src/test/resources/features/crearpregunta.feature:11)

java.lang.AssertionError: 
Expected: <4>
     but: was <2>
	at net.serenitybdd.screenplay.ErrorTally.throwSummaryExceptionFrom(ErrorTally.java:36)
	at net.serenitybdd.screenplay.ErrorTally.reportAnyErrors(ErrorTally.java:30)
	at net.serenitybdd.screenplay.Actor.should(Actor.java:316)
	at com.sofkau.stepdefinitions.CrearPreguntaStepDefinition.laInformacionDeLaPreguntaCreada(CrearPreguntaStepDefinition.java:125)
	at ?.la informacion de la pregunta creada(file:///C:/Users/rolin/Sofka%20U/RetoFinalAutomatizaciones/AutomatizacionServicios/src/test/resources/features/crearpregunta.feature:11)

java.lang.AssertionError: 
Expected: <4>
     but: was <5>
	at net.serenitybdd.screenplay.ErrorTally.throwSummaryExceptionFrom(ErrorTally.java:36)
	at net.serenitybdd.screenplay.ErrorTally.reportAnyErrors(ErrorTally.java:30)
	at net.serenitybdd.screenplay.Actor.should(Actor.java:316)
	at com.sofkau.stepdefinitions.CrearPreguntaStepDefinition.laInformacionDeLaPreguntaCreada(CrearPreguntaStepDefinition.java:93)
	at ?.la informacion de la pregunta creada(file:///C:/Users/rolin/Sofka%20U/RetoFinalAutomatizaciones/AutomatizacionServicios/src/test/resources/features/crearpregunta.feature:11)

java.lang.AssertionError: 
Expected: <4>
     but: was <5>
	at net.serenitybdd.screenplay.ErrorTally.throwSummaryExceptionFrom(ErrorTally.java:36)
	at net.serenitybdd.screenplay.ErrorTally.reportAnyErrors(ErrorTally.java:30)
	at net.serenitybdd.screenplay.Actor.should(Actor.java:316)
	at com.sofkau.stepdefinitions.CrearPreguntaStepDefinition.laInformacionDeLaPreguntaCreada(CrearPreguntaStepDefinition.java:125)
	at ?.la informacion de la pregunta creada(file:///C:/Users/rolin/Sofka%20U/RetoFinalAutomatizaciones/AutomatizacionServicios/src/test/resources/features/crearpregunta.feature:11)

java.lang.AssertionError: 
Expected: <2>
     but: was <3>
	at net.serenitybdd.screenplay.ErrorTally.throwSummaryExceptionFrom(ErrorTally.java:36)
	at net.serenitybdd.screenplay.ErrorTally.reportAnyErrors(ErrorTally.java:30)
	at net.serenitybdd.screenplay.Actor.should(Actor.java:316)
	at com.sofkau.stepdefinitions.CrearPreguntaStepDefinition.laInformacionDeLaPreguntaCreada(CrearPreguntaStepDefinition.java:110)
	at ?.la informacion de la pregunta creada(file:///C:/Users/rolin/Sofka%20U/RetoFinalAutomatizaciones/AutomatizacionServicios/src/test/resources/features/crearpregunta.feature:11)

java.lang.AssertionError: 
Expected: <2>
     but: was <1>
	at net.serenitybdd.screenplay.ErrorTally.throwSummaryExceptionFrom(ErrorTally.java:36)
	at net.serenitybdd.screenplay.ErrorTally.reportAnyErrors(ErrorTally.java:30)
	at net.serenitybdd.screenplay.Actor.should(Actor.java:316)
	at com.sofkau.stepdefinitions.CrearPreguntaStepDefinition.laInformacionDeLaPreguntaCreada(CrearPreguntaStepDefinition.java:110)
	at ?.la informacion de la pregunta creada(file:///C:/Users/rolin/Sofka%20U/RetoFinalAutomatizaciones/AutomatizacionServicios/src/test/resources/features/crearpregunta.feature:11)

java.lang.AssertionError: 
Expected: a value greater than <1>
     but: <1> was equal to <1>
	at net.serenitybdd.screenplay.ErrorTally.throwSummaryExceptionFrom(ErrorTally.java:36)
	at net.serenitybdd.screenplay.ErrorTally.reportAnyErrors(ErrorTally.java:30)
	at net.serenitybdd.screenplay.Actor.should(Actor.java:316)
	at com.sofkau.stepdefinitions.CrearPreguntaStepDefinition.laInformacionDeLaPreguntaCreada(CrearPreguntaStepDefinition.java:93)
	at ?.la informacion de la pregunta creada(file:///C:/Users/rolin/Sofka%20U/RetoFinalAutomatizaciones/AutomatizacionServicios/src/test/resources/features/crearpregunta.feature:11)

java.lang.AssertionError: 1 expectation failed.
Expected status code <400> but was <201>.

	at net.serenitybdd.screenplay.ErrorTally.throwSummaryExceptionFrom(ErrorTally.java:36)
	at net.serenitybdd.screenplay.ErrorTally.reportAnyErrors(ErrorTally.java:30)
	at net.serenitybdd.screenplay.Actor.should(Actor.java:316)
	at com.sofkau.stepdefinitions.CrearPreguntaStepDefinition.reciboDeCodigoDeRespuesta(CrearPreguntaStepDefinition.java:74)
	at ?.recibo 400 de codigo de respuesta(file:///C:/Users/rolin/Sofka%20U/RetoFinalAutomatizaciones/AutomatizacionServicios/src/test/resources/features/crearpregunta.feature:10)


]]></system-out>
  <system-err><![CDATA[SLF4J: Failed to load class "org.slf4j.impl.StaticLoggerBinder".
SLF4J: Defaulting to no-operation (NOP) logger implementation
SLF4J: See http://www.slf4j.org/codes.html#StaticLoggerBinder for further details.
]]></system-err>
</testsuite>
