<?xml version="1.0" encoding="UTF-8"?>
<testsuite name="com.sofkau.runners.PutUserTest" tests="0" skipped="0" failures="0" errors="0" timestamp="1970-01-01T00:00:00" hostname="LAPTOP-7C2GORMF" time="0.0">
  <properties/>
  <system-out><![CDATA[
?[31mFailed scenarios:?[0m
?[31mfile:///C:/Users/rolin/Sofka%20U/RetoFinalAutomatizaciones/AutomatizacionServicios/src/test/resources/features/putuser.feature:13?[0m# Peticion exitosa
?[31mfile:///C:/Users/rolin/Sofka%20U/RetoFinalAutomatizaciones/AutomatizacionServicios/src/test/resources/features/putuser.feature:14?[0m# Peticion exitosa
?[31mfile:///C:/Users/rolin/Sofka%20U/RetoFinalAutomatizaciones/AutomatizacionServicios/src/test/resources/features/putuser.feature:15?[0m# Peticion exitosa
?[31mfile:///C:/Users/rolin/Sofka%20U/RetoFinalAutomatizaciones/AutomatizacionServicios/src/test/resources/features/putuser.feature:16?[0m# Peticion exitosa

4 Scenarios (?[31m4 failed?[0m)
12 Steps (?[31m4 failed?[0m, ?[32m8 passed?[0m)
0m2,581s


java.lang.AssertionError: 1 expectation failed.
JSON path mail doesn't match.
Expected: esogaviria@gmail.com
  Actual: null

	at net.serenitybdd.screenplay.ErrorTally.throwSummaryExceptionFrom(ErrorTally.java:36)
	at net.serenitybdd.screenplay.ErrorTally.reportAnyErrors(ErrorTally.java:30)
	at net.serenitybdd.screenplay.Actor.should(Actor.java:316)
	at com.sofkau.stepdefinitions.PutUserStepDefinition.recibo_como_respuesta(PutUserStepDefinition.java:59)
	at ?.recibo 200 como respuesta(file:///C:/Users/rolin/Sofka%20U/RetoFinalAutomatizaciones/AutomatizacionServicios/src/test/resources/features/putuser.feature:10)

java.lang.AssertionError: 1 expectation failed.
JSON path fullName doesn't match.
Expected: Efrains
  Actual: Efrain

	at net.serenitybdd.screenplay.ErrorTally.throwSummaryExceptionFrom(ErrorTally.java:36)
	at net.serenitybdd.screenplay.ErrorTally.reportAnyErrors(ErrorTally.java:30)
	at net.serenitybdd.screenplay.Actor.should(Actor.java:316)
	at com.sofkau.stepdefinitions.PutUserStepDefinition.recibo_como_respuesta(PutUserStepDefinition.java:59)
	at ?.recibo 200 como respuesta(file:///C:/Users/rolin/Sofka%20U/RetoFinalAutomatizaciones/AutomatizacionServicios/src/test/resources/features/putuser.feature:10)

java.lang.AssertionError: 1 expectation failed.
JSON path fullName doesn't match.
Expected: laura
  Actual: lisa

	at net.serenitybdd.screenplay.ErrorTally.throwSummaryExceptionFrom(ErrorTally.java:36)
	at net.serenitybdd.screenplay.ErrorTally.reportAnyErrors(ErrorTally.java:30)
	at net.serenitybdd.screenplay.Actor.should(Actor.java:316)
	at com.sofkau.stepdefinitions.PutUserStepDefinition.recibo_como_respuesta(PutUserStepDefinition.java:59)
	at ?.recibo 200 como respuesta(file:///C:/Users/rolin/Sofka%20U/RetoFinalAutomatizaciones/AutomatizacionServicios/src/test/resources/features/putuser.feature:10)

java.lang.AssertionError: 1 expectation failed.
JSON path fullName doesn't match.
Expected: laura
  Actual: lisa

	at net.serenitybdd.screenplay.ErrorTally.throwSummaryExceptionFrom(ErrorTally.java:36)
	at net.serenitybdd.screenplay.ErrorTally.reportAnyErrors(ErrorTally.java:30)
	at net.serenitybdd.screenplay.Actor.should(Actor.java:316)
	at com.sofkau.stepdefinitions.PutUserStepDefinition.recibo_como_respuesta(PutUserStepDefinition.java:59)
	at ?.recibo 200 como respuesta(file:///C:/Users/rolin/Sofka%20U/RetoFinalAutomatizaciones/AutomatizacionServicios/src/test/resources/features/putuser.feature:10)


]]></system-out>
  <system-err><![CDATA[]]></system-err>
</testsuite>
